<?xml version="1.0" encoding="UTF-8"?>
<coverage generated="1724861345945" clover="3.2.0">
  <project timestamp="1724861345946" name="All files">
    <metrics statements="20" coveredstatements="17" conditionals="0" coveredconditionals="0" methods="9" coveredmethods="7" elements="29" coveredelements="24" complexity="0" loc="20" ncloc="20" packages="2" files="7" classes="7"/>
    <package name="src">
      <metrics statements="11" coveredstatements="8" conditionals="0" coveredconditionals="0" methods="6" coveredmethods="4"/>
      <file name="calculator.ts" path="C:\Users\pc\workspace\jest-practice\src\calculator.ts">
        <metrics statements="3" coveredstatements="3" conditionals="0" coveredconditionals="0" methods="2" coveredmethods="2"/>
        <line num="1" count="1" type="stmt"/>
        <line num="2" count="1" type="stmt"/>
        <line num="3" count="1" type="stmt"/>
      </file>
      <file name="myFunction.ts" path="C:\Users\pc\workspace\jest-practice\src\myFunction.ts">
        <metrics statements="4" coveredstatements="4" conditionals="0" coveredconditionals="0" methods="2" coveredmethods="2"/>
        <line num="1" count="1" type="stmt"/>
        <line num="3" count="1" type="stmt"/>
        <line num="4" count="1" type="stmt"/>
        <line num="5" count="1" type="stmt"/>
      </file>
      <file name="utils.ts" path="C:\Users\pc\workspace\jest-practice\src\utils.ts">
        <metrics statements="4" coveredstatements="1" conditionals="0" coveredconditionals="0" methods="2" coveredmethods="0"/>
        <line num="2" count="1" type="stmt"/>
        <line num="3" count="0" type="stmt"/>
        <line num="4" count="0" type="stmt"/>
        <line num="5" count="0" type="stmt"/>
      </file>
    </package>
    <package name="src.functions">
      <metrics statements="9" coveredstatements="9" conditionals="0" coveredconditionals="0" methods="3" coveredmethods="3"/>
      <file name="data.ts" path="C:\Users\pc\workspace\jest-practice\src\functions\data.ts">
        <metrics statements="1" coveredstatements="1" conditionals="0" coveredconditionals="0" methods="0" coveredmethods="0"/>
        <line num="1" count="1" type="stmt"/>
      </file>
      <file name="newdata.ts" path="C:\Users\pc\workspace\jest-practice\src\functions\newdata.ts">
        <metrics statements="4" coveredstatements="4" conditionals="0" coveredconditionals="0" methods="1" coveredmethods="1"/>
        <line num="1" count="1" type="stmt"/>
        <line num="6" count="1" type="stmt"/>
        <line num="10" count="1" type="stmt"/>
        <line num="11" count="4" type="stmt"/>
      </file>
      <file name="sum.ts" path="C:\Users\pc\workspace\jest-practice\src\functions\sum.ts">
        <metrics statements="2" coveredstatements="2" conditionals="0" coveredconditionals="0" methods="1" coveredmethods="1"/>
        <line num="1" count="1" type="stmt"/>
        <line num="2" count="1" type="stmt"/>
      </file>
      <file name="value.ts" path="C:\Users\pc\workspace\jest-practice\src\functions\value.ts">
        <metrics statements="2" coveredstatements="2" conditionals="0" coveredconditionals="0" methods="1" coveredmethods="1"/>
        <line num="1" count="1" type="stmt"/>
        <line num="2" count="1" type="stmt"/>
      </file>
    </package>
  </project>
</coverage>
